# JRE version: OpenJDK Runtime Environment (8.0_152-b01) (build 1.8.0_152-release-1248-b01)
# Java VM: OpenJDK 64-Bit Server VM (25.152-b01 mixed mode linux-amd64 compressed oops)
Heap:
 PSYoungGen      total 404992K, used 161963K [0x00000000e0000000, 0x00000000ff380000, 0x0000000100000000)
  eden space 307712K, 52% used [0x00000000e0000000,0x00000000e9e2ac58,0x00000000f2c80000)
  from space 97280K, 0% used [0x00000000f9480000,0x00000000f9480000,0x00000000ff380000)
  to   space 101888K, 0% used [0x00000000f2c80000,0x00000000f2c80000,0x00000000f9000000)
 ParOldGen       total 305152K, used 75360K [0x00000000a0000000, 0x00000000b2a00000, 0x00000000e0000000)
  object space 305152K, 24% used [0x00000000a0000000,0x00000000a4998390,0x00000000b2a00000)
 Metaspace       used 101915K, capacity 107192K, committed 146428K, reserved 1177600K
  class space    used 12455K, capacity 13369K, committed 17712K, reserved 1048576K
GC Heap History (10 events):
Event: 17989,131 GC heap before
{Heap before GC invocations=113 (full 8):
 PSYoungGen      total 382976K, used 275109K [0x00000000e0000000, 0x00000000ff400000, 0x0000000100000000)
  eden space 272384K, 99% used [0x00000000e0000000,0x00000000f09f51d0,0x00000000f0a00000)
  from space 110592K, 2% used [0x00000000f8800000,0x00000000f8ab45b0,0x00000000ff400000)
  to   space 119808K, 0% used [0x00000000f0a00000,0x00000000f0a00000,0x00000000f7f00000)
 ParOldGen       total 392704K, used 287669K [0x00000000a0000000, 0x00000000b7f80000, 0x00000000e0000000)
  object space 392704K, 73% used [0x00000000a0000000,0x00000000b18ed6d8,0x00000000b7f80000)
 Metaspace       used 110409K, capacity 116334K, committed 146428K, reserved 1177600K
  class space    used 13359K, capacity 14402K, committed 17712K, reserved 1048576K
Event: 17989,144 GC heap after
Heap after GC invocations=113 (full 8):
 PSYoungGen      total 392192K, used 14138K [0x00000000e0000000, 0x00000000ffe00000, 0x0000000100000000)
  eden space 272384K, 0% used [0x00000000e0000000,0x00000000e0000000,0x00000000f0a00000)
  from space 119808K, 11% used [0x00000000f0a00000,0x00000000f17ceb38,0x00000000f7f00000)
  to   space 114176K, 0% used [0x00000000f8e80000,0x00000000f8e80000,0x00000000ffe00000)
 ParOldGen       total 392704K, used 287993K [0x00000000a0000000, 0x00000000b7f80000, 0x00000000e0000000)
  object space 392704K, 73% used [0x00000000a0000000,0x00000000b193e708,0x00000000b7f80000)
 Metaspace       used 110409K, capacity 116334K, committed 146428K, reserved 1177600K
  class space    used 13359K, capacity 14402K, committed 17712K, reserved 1048576K
}
Event: 17990,759 GC heap before
{Heap before GC invocations=114 (full 8):
 PSYoungGen      total 392192K, used 286522K [0x00000000e0000000, 0x00000000ffe00000, 0x0000000100000000)
  eden space 272384K, 100% used [0x00000000e0000000,0x00000000f0a00000,0x00000000f0a00000)
  from space 119808K, 11% used [0x00000000f0a00000,0x00000000f17ceb38,0x00000000f7f00000)
  to   space 114176K, 0% used [0x00000000f8e80000,0x00000000f8e80000,0x00000000ffe00000)
 ParOldGen       total 392704K, used 287993K [0x00000000a0000000, 0x00000000b7f80000, 0x00000000e0000000)
  object space 392704K, 73% used [0x00000000a0000000,0x00000000b193e708,0x00000000b7f80000)
 Metaspace       used 112979K, capacity 118936K, committed 146428K, reserved 1177600K
  class space    used 13619K, capacity 14669K, committed 17712K, reserved 1048576K
Event: 17990,836 GC heap after
Heap after GC invocations=114 (full 8):
 PSYoungGen      total 394752K, used 44438K [0x00000000e0000000, 0x00000000ff480000, 0x0000000100000000)
  eden space 290304K, 0% used [0x00000000e0000000,0x00000000e0000000,0x00000000f1b80000)
  from space 104448K, 42% used [0x00000000f8e80000,0x00000000fb9e5840,0x00000000ff480000)
  to   space 111104K, 0% used [0x00000000f1b80000,0x00000000f1b80000,0x00000000f8800000)
 ParOldGen       total 392704K, used 297497K [0x00000000a0000000, 0x00000000b7f80000, 0x00000000e0000000)
  object space 392704K, 75% used [0x00000000a0000000,0x00000000b2286638,0x00000000b7f80000)
 Metaspace       used 112979K, capacity 118936K, committed 146428K, reserved 1177600K
  class space    used 13619K, capacity 14669K, committed 17712K, reserved 1048576K
}
Event: 17993,354 GC heap before
{Heap before GC invocations=115 (full 8):
 PSYoungGen      total 394752K, used 334649K [0x00000000e0000000, 0x00000000ff480000, 0x0000000100000000)
  eden space 290304K, 99% used [0x00000000e0000000,0x00000000f1b68f08,0x00000000f1b80000)
  from space 104448K, 42% used [0x00000000f8e80000,0x00000000fb9e5840,0x00000000ff480000)
  to   space 111104K, 0% used [0x00000000f1b80000,0x00000000f1b80000,0x00000000f8800000)
 ParOldGen       total 392704K, used 297497K [0x00000000a0000000, 0x00000000b7f80000, 0x00000000e0000000)
  object space 392704K, 75% used [0x00000000a0000000,0x00000000b2286638,0x00000000b7f80000)
 Metaspace       used 113014K, capacity 118936K, committed 146428K, reserved 1177600K
  class space    used 13620K, capacity 14669K, committed 17712K, reserved 1048576K
Event: 17993,387 GC heap after
Heap after GC invocations=115 (full 8):
 PSYoungGen      total 401408K, used 18882K [0x00000000e0000000, 0x00000000ffb80000, 0x0000000100000000)
  eden space 290304K, 0% used [0x00000000e0000000,0x00000000e0000000,0x00000000f1b80000)
  from space 111104K, 16% used [0x00000000f1b80000,0x00000000f2df0a20,0x00000000f8800000)
  to   space 105472K, 0% used [0x00000000f9480000,0x00000000f9480000,0x00000000ffb80000)
 ParOldGen       total 392704K, used 334821K [0x00000000a0000000, 0x00000000b7f80000, 0x00000000e0000000)
  object space 392704K, 85% used [0x00000000a0000000,0x00000000b46f97a0,0x00000000b7f80000)
 Metaspace       used 113014K, capacity 118936K, committed 146428K, reserved 1177600K
  class space    used 13620K, capacity 14669K, committed 17712K, reserved 1048576K
}
Event: 17993,431 GC heap before
{Heap before GC invocations=116 (full 8):
 PSYoungGen      total 401408K, used 308831K [0x00000000e0000000, 0x00000000ffb80000, 0x0000000100000000)
  eden space 290304K, 99% used [0x00000000e0000000,0x00000000f1b27208,0x00000000f1b80000)
  from space 111104K, 16% used [0x00000000f1b80000,0x00000000f2df0a20,0x00000000f8800000)
  to   space 105472K, 0% used [0x00000000f9480000,0x00000000f9480000,0x00000000ffb80000)
 ParOldGen       total 392704K, used 334821K [0x00000000a0000000, 0x00000000b7f80000, 0x00000000e0000000)
  object space 392704K, 85% used [0x00000000a0000000,0x00000000b46f97a0,0x00000000b7f80000)
 Metaspace       used 113014K, capacity 118936K, committed 146428K, reserved 1177600K
  class space    used 13620K, capacity 14669K, committed 17712K, reserved 1048576K
Event: 17993,438 GC heap after
Heap after GC invocations=116 (full 8):
 PSYoungGen      total 404992K, used 5625K [0x00000000e0000000, 0x00000000ff380000, 0x0000000100000000)
  eden space 307712K, 0% used [0x00000000e0000000,0x00000000e0000000,0x00000000f2c80000)
  from space 97280K, 5% used [0x00000000f9480000,0x00000000f99fe718,0x00000000ff380000)
  to   space 101888K, 0% used [0x00000000f2c80000,0x00000000f2c80000,0x00000000f9000000)
 ParOldGen       total 392704K, used 347683K [0x00000000a0000000, 0x00000000b7f80000, 0x00000000e0000000)
  object space 392704K, 88% used [0x00000000a0000000,0x00000000b5388dc0,0x00000000b7f80000)
 Metaspace       used 113014K, capacity 118936K, committed 146428K, reserved 1177600K
  class space    used 13620K, capacity 14669K, committed 17712K, reserved 1048576K
}
Event: 17993,448 GC heap before
{Heap before GC invocations=117 (full 9):
 PSYoungGen      total 404992K, used 5625K [0x00000000e0000000, 0x00000000ff380000, 0x0000000100000000)
  eden space 307712K, 0% used [0x00000000e0000000,0x00000000e0000000,0x00000000f2c80000)
  from space 97280K, 5% used [0x00000000f9480000,0x00000000f99fe718,0x00000000ff380000)
  to   space 101888K, 0% used [0x00000000f2c80000,0x00000000f2c80000,0x00000000f9000000)
 ParOldGen       total 392704K, used 347683K [0x00000000a0000000, 0x00000000b7f80000, 0x00000000e0000000)
  object space 392704K, 88% used [0x00000000a0000000,0x00000000b5388dc0,0x00000000b7f80000)
 Metaspace       used 113014K, capacity 118936K, committed 146428K, reserved 1177600K
  class space    used 13620K, capacity 14669K, committed 17712K, reserved 1048576K
Event: 17993,674 GC heap after
Heap after GC invocations=117 (full 9):
 PSYoungGen      total 404992K, used 0K [0x00000000e0000000, 0x00000000ff380000, 0x0000000100000000)
  eden space 307712K, 0% used [0x00000000e0000000,0x00000000e0000000,0x00000000f2c80000)
  from space 97280K, 0% used [0x00000000f9480000,0x00000000f9480000,0x00000000ff380000)
  to   space 101888K, 0% used [0x00000000f2c80000,0x00000000f2c80000,0x00000000f9000000)
 ParOldGen       total 305152K, used 75360K [0x00000000a0000000, 0x00000000b2a00000, 0x00000000e0000000)
  object space 305152K, 24% used [0x00000000a0000000,0x00000000a4998390,0x00000000b2a00000)
 Metaspace       used 101884K, capacity 107144K, committed 146428K, reserved 1177600K
  class space    used 12450K, capacity 13361K, committed 17712K, reserved 1048576K
}

